
  .   ____          _            __ _ _
 /\\ / ___'_ __ _ _(_)_ __  __ _ \ \ \ \
( ( )\___ | '_ | '_| | '_ \/ _` | \ \ \ \
 \\/  ___)| |_)| | | | | || (_| |  ) ) ) )
  '  |____| .__|_| |_|_| |_\__, | / / / /
 =========|_|==============|___/=/_/_/_/
 :: Spring Boot ::               (v2.5.12)

2025-07-01 06:34:50,385 [background-preinit] INFO  o.h.validator.internal.util.Version     :  21 - HV000001: Hibernate Validator 6.2.3.Final
2025-07-01 06:34:50,403          [main] INFO  com.om.movieapp.MovieAppApplication     :  55 - Starting MovieAppApplication v0.0.1-SNAPSHOT using Java 17.0.15 on ip-172-31-17-170 with PID 96025 (/home/ubuntu/app/movie-app-api/target/movie-app-0.0.1-SNAPSHOT.jar started by ubuntu in /home/ubuntu/app/movie-app-api)
2025-07-01 06:34:50,408          [main] DEBUG com.om.movieapp.MovieAppApplication     :  56 - Running with Spring Boot v2.5.12, Spring v5.3.18
2025-07-01 06:34:50,411          [main] INFO  com.om.movieapp.MovieAppApplication     : 675 - No active profile set, falling back to 1 default profile: "default"
2025-07-01 06:34:53,029          [main] INFO  o.a.coyote.http11.Http11NioProtocol     : 173 - Initializing ProtocolHandler ["http-nio-8080"]
2025-07-01 06:34:53,031          [main] INFO  o.a.catalina.core.StandardService       : 173 - Starting service [Tomcat]
2025-07-01 06:34:53,032          [main] INFO  o.a.catalina.core.StandardEngine        : 173 - Starting Servlet engine: [Apache Tomcat/9.0.60]
2025-07-01 06:34:53,132          [main] INFO  o.a.c.c.C.[Tomcat].[localhost].[/]      : 173 - Initializing Spring embedded WebApplicationContext
2025-07-01 06:34:53,194          [main] ERROR o.s.b.w.e.tomcat.TomcatStarter          :  61 - Error starting Tomcat context. Exception: org.springframework.beans.factory.UnsatisfiedDependencyException. Message: Error creating bean with name 'org.springframework.boot.autoconfigure.jersey.JerseyAutoConfiguration': Unsatisfied dependency expressed through constructor parameter 1; nested exception is org.springframework.beans.factory.BeanCreationException: Error creating bean with name 'jerseyConfiguration' defined in URL [jar:file:/home/ubuntu/app/movie-app-api/target/movie-app-0.0.1-SNAPSHOT.jar!/BOOT-INF/classes!/com/om/movieapp/config/JerseyConfiguration.class]: Instantiation of bean failed; nested exception is org.springframework.beans.BeanInstantiationException: Failed to instantiate [com.om.movieapp.config.JerseyConfiguration]: Constructor threw exception; nested exception is org.glassfish.jersey.server.internal.scanning.ResourceFinderException: java.io.FileNotFoundException: /home/ubuntu/app/movie-app-api/target/movie-app-0.0.1-SNAPSHOT.jar!/BOOT-INF/classes (No such file or directory)
2025-07-01 06:34:53,203          [main] INFO  o.a.catalina.core.StandardService       : 173 - Stopping service [Tomcat]
2025-07-01 06:34:53,229          [main] WARN  o.s.b.w.s.c.AnnotationConfigServletWebServerApplicationContext: 591 - Exception encountered during context initialization - cancelling refresh attempt: org.springframework.context.ApplicationContextException: Unable to start web server; nested exception is org.springframework.boot.web.server.WebServerException: Unable to start embedded Tomcat
2025-07-01 06:34:53,295          [main] ERROR o.s.boot.SpringApplication              : 865 - Application run failed
org.springframework.context.ApplicationContextException: Unable to start web server; nested exception is org.springframework.boot.web.server.WebServerException: Unable to start embedded Tomcat
	at org.springframework.boot.web.servlet.context.ServletWebServerApplicationContext.onRefresh(ServletWebServerApplicationContext.java:163)
	at org.springframework.context.support.AbstractApplicationContext.refresh(AbstractApplicationContext.java:577)
	at org.springframework.boot.web.servlet.context.ServletWebServerApplicationContext.refresh(ServletWebServerApplicationContext.java:145)
	at org.springframework.boot.SpringApplication.refresh(SpringApplication.java:775)
	at org.springframework.boot.SpringApplication.refreshContext(SpringApplication.java:448)
	at org.springframework.boot.SpringApplication.run(SpringApplication.java:339)
	at org.springframework.boot.SpringApplication.run(SpringApplication.java:1365)
	at org.springframework.boot.SpringApplication.run(SpringApplication.java:1354)
	at com.om.movieapp.MovieAppApplication.main(MovieAppApplication.java:19)
	at java.base/jdk.internal.reflect.NativeMethodAccessorImpl.invoke0(Native Method)
	at java.base/jdk.internal.reflect.NativeMethodAccessorImpl.invoke(NativeMethodAccessorImpl.java:77)
	at java.base/jdk.internal.reflect.DelegatingMethodAccessorImpl.invoke(DelegatingMethodAccessorImpl.java:43)
	at java.base/java.lang.reflect.Method.invoke(Method.java:569)
	at org.springframework.boot.loader.MainMethodRunner.run(MainMethodRunner.java:49)
	at org.springframework.boot.loader.Launcher.launch(Launcher.java:108)
	at org.springframework.boot.loader.Launcher.launch(Launcher.java:58)
	at org.springframework.boot.loader.JarLauncher.main(JarLauncher.java:88)
Caused by: org.springframework.boot.web.server.WebServerException: Unable to start embedded Tomcat
	at org.springframework.boot.web.embedded.tomcat.TomcatWebServer.initialize(TomcatWebServer.java:142)
	at org.springframework.boot.web.embedded.tomcat.TomcatWebServer.<init>(TomcatWebServer.java:104)
	at org.springframework.boot.web.embedded.tomcat.TomcatServletWebServerFactory.getTomcatWebServer(TomcatServletWebServerFactory.java:455)
	at org.springframework.boot.web.embedded.tomcat.TomcatServletWebServerFactory.getWebServer(TomcatServletWebServerFactory.java:204)
	at org.springframework.boot.web.servlet.context.ServletWebServerApplicationContext.createWebServer(ServletWebServerApplicationContext.java:182)
	at org.springframework.boot.web.servlet.context.ServletWebServerApplicationContext.onRefresh(ServletWebServerApplicationContext.java:160)
	... 16 common frames omitted
Caused by: org.springframework.beans.factory.UnsatisfiedDependencyException: Error creating bean with name 'org.springframework.boot.autoconfigure.jersey.JerseyAutoConfiguration': Unsatisfied dependency expressed through constructor parameter 1; nested exception is org.springframework.beans.factory.BeanCreationException: Error creating bean with name 'jerseyConfiguration' defined in URL [jar:file:/home/ubuntu/app/movie-app-api/target/movie-app-0.0.1-SNAPSHOT.jar!/BOOT-INF/classes!/com/om/movieapp/config/JerseyConfiguration.class]: Instantiation of bean failed; nested exception is org.springframework.beans.BeanInstantiationException: Failed to instantiate [com.om.movieapp.config.JerseyConfiguration]: Constructor threw exception; nested exception is org.glassfish.jersey.server.internal.scanning.ResourceFinderException: java.io.FileNotFoundException: /home/ubuntu/app/movie-app-api/target/movie-app-0.0.1-SNAPSHOT.jar!/BOOT-INF/classes (No such file or directory)
	at org.springframework.beans.factory.support.ConstructorResolver.createArgumentArray(ConstructorResolver.java:800)
	at org.springframework.beans.factory.support.ConstructorResolver.autowireConstructor(ConstructorResolver.java:229)
	at org.springframework.beans.factory.support.AbstractAutowireCapableBeanFactory.autowireConstructor(AbstractAutowireCapableBeanFactory.java:1372)
	at org.springframework.beans.factory.support.AbstractAutowireCapableBeanFactory.createBeanInstance(AbstractAutowireCapableBeanFactory.java:1222)
	at org.springframework.beans.factory.support.AbstractAutowireCapableBeanFactory.doCreateBean(AbstractAutowireCapableBeanFactory.java:582)
	at org.springframework.beans.factory.support.AbstractAutowireCapableBeanFactory.createBean(AbstractAutowireCapableBeanFactory.java:542)
	at org.springframework.beans.factory.support.AbstractBeanFactory.lambda$doGetBean$0(AbstractBeanFactory.java:335)
	at org.springframework.beans.factory.support.DefaultSingletonBeanRegistry.getSingleton(DefaultSingletonBeanRegistry.java:234)
	at org.springframework.beans.factory.support.AbstractBeanFactory.doGetBean(AbstractBeanFactory.java:333)
	at org.springframework.beans.factory.support.AbstractBeanFactory.getBean(AbstractBeanFactory.java:208)
	at org.springframework.beans.factory.support.ConstructorResolver.instantiateUsingFactoryMethod(ConstructorResolver.java:410)
	at org.springframework.beans.factory.support.AbstractAutowireCapableBeanFactory.instantiateUsingFactoryMethod(AbstractAutowireCapableBeanFactory.java:1352)
	at org.springframework.beans.factory.support.AbstractAutowireCapableBeanFactory.createBeanInstance(AbstractAutowireCapableBeanFactory.java:1195)
	at org.springframework.beans.factory.support.AbstractAutowireCapableBeanFactory.doCreateBean(AbstractAutowireCapableBeanFactory.java:582)
	at org.springframework.beans.factory.support.AbstractAutowireCapableBeanFactory.createBean(AbstractAutowireCapableBeanFactory.java:542)
	at org.springframework.beans.factory.support.AbstractBeanFactory.lambda$doGetBean$0(AbstractBeanFactory.java:335)
	at org.springframework.beans.factory.support.DefaultSingletonBeanRegistry.getSingleton(DefaultSingletonBeanRegistry.java:234)
	at org.springframework.beans.factory.support.AbstractBeanFactory.doGetBean(AbstractBeanFactory.java:333)
	at org.springframework.beans.factory.support.AbstractBeanFactory.getBean(AbstractBeanFactory.java:213)
	at org.springframework.boot.web.servlet.ServletContextInitializerBeans.getOrderedBeansOfType(ServletContextInitializerBeans.java:212)
	at org.springframework.boot.web.servlet.ServletContextInitializerBeans.getOrderedBeansOfType(ServletContextInitializerBeans.java:203)
	at org.springframework.boot.web.servlet.ServletContextInitializerBeans.addServletContextInitializerBeans(ServletContextInitializerBeans.java:97)
	at org.springframework.boot.web.servlet.ServletContextInitializerBeans.<init>(ServletContextInitializerBeans.java:86)
	at org.springframework.boot.web.servlet.context.ServletWebServerApplicationContext.getServletContextInitializerBeans(ServletWebServerApplicationContext.java:260)
	at org.springframework.boot.web.servlet.context.ServletWebServerApplicationContext.selfInitialize(ServletWebServerApplicationContext.java:234)
	at org.springframework.boot.web.embedded.tomcat.TomcatStarter.onStartup(TomcatStarter.java:53)
	at org.apache.catalina.core.StandardContext.startInternal(StandardContext.java:5219)
	at org.apache.catalina.util.LifecycleBase.start(LifecycleBase.java:183)
	at org.apache.catalina.core.ContainerBase$StartChild.call(ContainerBase.java:1396)
	at org.apache.catalina.core.ContainerBase$StartChild.call(ContainerBase.java:1386)
	at java.base/java.util.concurrent.FutureTask.run(FutureTask.java:264)
	at org.apache.tomcat.util.threads.InlineExecutorService.execute(InlineExecutorService.java:75)
	at java.base/java.util.concurrent.AbstractExecutorService.submit(AbstractExecutorService.java:145)
	at org.apache.catalina.core.ContainerBase.startInternal(ContainerBase.java:919)
	at org.apache.catalina.core.StandardHost.startInternal(StandardHost.java:835)
	at org.apache.catalina.util.LifecycleBase.start(LifecycleBase.java:183)
	at org.apache.catalina.core.ContainerBase$StartChild.call(ContainerBase.java:1396)
	at org.apache.catalina.core.ContainerBase$StartChild.call(ContainerBase.java:1386)
	at java.base/java.util.concurrent.FutureTask.run(FutureTask.java:264)
	at org.apache.tomcat.util.threads.InlineExecutorService.execute(InlineExecutorService.java:75)
	at java.base/java.util.concurrent.AbstractExecutorService.submit(AbstractExecutorService.java:145)
	at org.apache.catalina.core.ContainerBase.startInternal(ContainerBase.java:919)
	at org.apache.catalina.core.StandardEngine.startInternal(StandardEngine.java:263)
	at org.apache.catalina.util.LifecycleBase.start(LifecycleBase.java:183)
	at org.apache.catalina.core.StandardService.startInternal(StandardService.java:432)
	at org.apache.catalina.util.LifecycleBase.start(LifecycleBase.java:183)
	at org.apache.catalina.core.StandardServer.startInternal(StandardServer.java:927)
	at org.apache.catalina.util.LifecycleBase.start(LifecycleBase.java:183)
	at org.apache.catalina.startup.Tomcat.start(Tomcat.java:486)
	at org.springframework.boot.web.embedded.tomcat.TomcatWebServer.initialize(TomcatWebServer.java:123)
	... 21 common frames omitted
Caused by: org.springframework.beans.factory.BeanCreationException: Error creating bean with name 'jerseyConfiguration' defined in URL [jar:file:/home/ubuntu/app/movie-app-api/target/movie-app-0.0.1-SNAPSHOT.jar!/BOOT-INF/classes!/com/om/movieapp/config/JerseyConfiguration.class]: Instantiation of bean failed; nested exception is org.springframework.beans.BeanInstantiationException: Failed to instantiate [com.om.movieapp.config.JerseyConfiguration]: Constructor threw exception; nested exception is org.glassfish.jersey.server.internal.scanning.ResourceFinderException: java.io.FileNotFoundException: /home/ubuntu/app/movie-app-api/target/movie-app-0.0.1-SNAPSHOT.jar!/BOOT-INF/classes (No such file or directory)
	at org.springframework.beans.factory.support.AbstractAutowireCapableBeanFactory.instantiateBean(AbstractAutowireCapableBeanFactory.java:1334)
	at org.springframework.beans.factory.support.AbstractAutowireCapableBeanFactory.createBeanInstance(AbstractAutowireCapableBeanFactory.java:1232)
	at org.springframework.beans.factory.support.AbstractAutowireCapableBeanFactory.doCreateBean(AbstractAutowireCapableBeanFactory.java:582)
	at org.springframework.beans.factory.support.AbstractAutowireCapableBeanFactory.createBean(AbstractAutowireCapableBeanFactory.java:542)
	at org.springframework.beans.factory.support.AbstractBeanFactory.lambda$doGetBean$0(AbstractBeanFactory.java:335)
	at org.springframework.beans.factory.support.DefaultSingletonBeanRegistry.getSingleton(DefaultSingletonBeanRegistry.java:234)
	at org.springframework.beans.factory.support.AbstractBeanFactory.doGetBean(AbstractBeanFactory.java:333)
	at org.springframework.beans.factory.support.AbstractBeanFactory.getBean(AbstractBeanFactory.java:208)
	at org.springframework.beans.factory.config.DependencyDescriptor.resolveCandidate(DependencyDescriptor.java:276)
	at org.springframework.beans.factory.support.DefaultListableBeanFactory.doResolveDependency(DefaultListableBeanFactory.java:1389)
	at org.springframework.beans.factory.support.DefaultListableBeanFactory.resolveDependency(DefaultListableBeanFactory.java:1309)
	at org.springframework.beans.factory.support.ConstructorResolver.resolveAutowiredArgument(ConstructorResolver.java:887)
	at org.springframework.beans.factory.support.ConstructorResolver.createArgumentArray(ConstructorResolver.java:791)
	... 70 common frames omitted
Caused by: org.springframework.beans.BeanInstantiationException: Failed to instantiate [com.om.movieapp.config.JerseyConfiguration]: Constructor threw exception; nested exception is org.glassfish.jersey.server.internal.scanning.ResourceFinderException: java.io.FileNotFoundException: /home/ubuntu/app/movie-app-api/target/movie-app-0.0.1-SNAPSHOT.jar!/BOOT-INF/classes (No such file or directory)
	at org.springframework.beans.BeanUtils.instantiateClass(BeanUtils.java:224)
	at org.springframework.beans.factory.support.SimpleInstantiationStrategy.instantiate(SimpleInstantiationStrategy.java:87)
	at org.springframework.beans.factory.support.AbstractAutowireCapableBeanFactory.instantiateBean(AbstractAutowireCapableBeanFactory.java:1326)
	... 82 common frames omitted
Caused by: org.glassfish.jersey.server.internal.scanning.ResourceFinderException: java.io.FileNotFoundException: /home/ubuntu/app/movie-app-api/target/movie-app-0.0.1-SNAPSHOT.jar!/BOOT-INF/classes (No such file or directory)
	at org.glassfish.jersey.server.internal.scanning.JarZipSchemeResourceFinderFactory.create(JarZipSchemeResourceFinderFactory.java:66)
	at org.glassfish.jersey.server.internal.scanning.JarZipSchemeResourceFinderFactory.create(JarZipSchemeResourceFinderFactory.java:42)
	at org.glassfish.jersey.server.internal.scanning.PackageNamesScanner.addResourceFinder(PackageNamesScanner.java:264)
	at org.glassfish.jersey.server.internal.scanning.PackageNamesScanner.init(PackageNamesScanner.java:180)
	at org.glassfish.jersey.server.internal.scanning.PackageNamesScanner.<init>(PackageNamesScanner.java:132)
	at org.glassfish.jersey.server.internal.scanning.PackageNamesScanner.<init>(PackageNamesScanner.java:88)
	at org.glassfish.jersey.server.ResourceConfig.packages(ResourceConfig.java:655)
	at org.glassfish.jersey.server.ResourceConfig.packages(ResourceConfig.java:635)
	at com.om.movieapp.config.JerseyConfiguration.<init>(JerseyConfiguration.java:26)
	at java.base/jdk.internal.reflect.NativeConstructorAccessorImpl.newInstance0(Native Method)
	at java.base/jdk.internal.reflect.NativeConstructorAccessorImpl.newInstance(NativeConstructorAccessorImpl.java:77)
	at java.base/jdk.internal.reflect.DelegatingConstructorAccessorImpl.newInstance(DelegatingConstructorAccessorImpl.java:45)
	at java.base/java.lang.reflect.Constructor.newInstanceWithCaller(Constructor.java:500)
	at java.base/java.lang.reflect.Constructor.newInstance(Constructor.java:481)
	at org.springframework.beans.BeanUtils.instantiateClass(BeanUtils.java:211)
	... 84 common frames omitted
Caused by: java.io.FileNotFoundException: /home/ubuntu/app/movie-app-api/target/movie-app-0.0.1-SNAPSHOT.jar!/BOOT-INF/classes (No such file or directory)
	at java.base/java.io.FileInputStream.open0(Native Method)
	at java.base/java.io.FileInputStream.open(FileInputStream.java:216)
	at java.base/java.io.FileInputStream.<init>(FileInputStream.java:157)
	at java.base/java.io.FileInputStream.<init>(FileInputStream.java:111)
	at java.base/sun.net.www.protocol.file.FileURLConnection.connect(FileURLConnection.java:86)
	at java.base/sun.net.www.protocol.file.FileURLConnection.getInputStream(FileURLConnection.java:189)
	at java.base/java.net.URL.openStream(URL.java:1161)
	at org.glassfish.jersey.server.internal.scanning.JarZipSchemeResourceFinderFactory.getInputStream(JarZipSchemeResourceFinderFactory.java:154)
	at org.glassfish.jersey.server.internal.scanning.JarZipSchemeResourceFinderFactory.create(JarZipSchemeResourceFinderFactory.java:64)
	... 98 common frames omitted
